DiscordCanary 0.0.8
Fetching https://discordapp.com/api/modules/linux/canary/versions.json
0: [+] Entered: WorkerThreadMain
4: [+] Entered: Initialize
4: [-] Exited: Initialize
1802244: Decryption error, dropping packet.
3440267: Decryption error, dropping packet.
4386554: Decryption error, dropping packet.
12456593: [+] Entered: Disconnect
12456593: [-] Exited: Disconnect
13418634: [-] Exited: WorkerThreadMain
DiscordCanary 0.0.8
Fetching https://discordapp.com/api/modules/linux/canary/versions.json
Created new window in existing browser session.
Created new window in existing browser session.
Created new window in existing browser session.
Created new window in existing browser session.
Created new window in existing browser session.
0: [+] Entered: WorkerThreadMain
0: [+] Entered: Initialize
0: [-] Exited: Initialize
1551275: Decryption error, dropping packet.
3703875: Decryption error, dropping packet.
13693596: [+] Entered: Disconnect
13693596: [-] Exited: Disconnect
16429789: Decryption error, dropping packet.
16567195: Decryption error, dropping packet.
19562346: [-] Exited: WorkerThreadMain
